# JRE version: Java(TM) SE Runtime Environment (11.0.6+8) (build 11.0.6+8-LTS)
# Java VM: Java HotSpot(TM) 64-Bit Server VM (11.0.6+8-LTS, mixed mode, tiered, compressed oops, g1 gc, windows-amd64)
Heap:
 garbage-first heap   total 187392K, used 24472K [0x0000000082000000, 0x0000000100000000)
  region size 1024K, 7 young (7168K), 7 survivors (7168K)
 Metaspace       used 50631K, capacity 52220K, committed 52400K, reserved 1093632K
  class space    used 6663K, capacity 7303K, committed 7424K, reserved 1048576K
GC Heap History (10 events):
Event: 1.750 GC heap after
{Heap after GC invocations=7 (full 0):
 garbage-first heap   total 129024K, used 11817K [0x0000000082000000, 0x0000000100000000)
  region size 1024K, 5 young (5120K), 5 survivors (5120K)
 Metaspace       used 24753K, capacity 25625K, committed 25776K, reserved 1071104K
  class space    used 2970K, capacity 3321K, committed 3328K, reserved 1048576K
}
Event: 2.032 GC heap before
{Heap before GC invocations=7 (full 0):
 garbage-first heap   total 129024K, used 69161K [0x0000000082000000, 0x0000000100000000)
  region size 1024K, 62 young (63488K), 5 survivors (5120K)
 Metaspace       used 26483K, capacity 27545K, committed 27696K, reserved 1073152K
  class space    used 3216K, capacity 3617K, committed 3712K, reserved 1048576K
}
Event: 2.038 GC heap after
{Heap after GC invocations=8 (full 0):
 garbage-first heap   total 155648K, used 13063K [0x0000000082000000, 0x0000000100000000)
  region size 1024K, 5 young (5120K), 5 survivors (5120K)
 Metaspace       used 26483K, capacity 27545K, committed 27696K, reserved 1073152K
  class space    used 3216K, capacity 3617K, committed 3712K, reserved 1048576K
}
Event: 2.823 GC heap before
{Heap before GC invocations=8 (full 0):
 garbage-first heap   total 155648K, used 101127K [0x0000000082000000, 0x0000000100000000)
  region size 1024K, 91 young (93184K), 5 survivors (5120K)
 Metaspace       used 33626K, capacity 35028K, committed 35248K, reserved 1079296K
  class space    used 4259K, capacity 4822K, committed 4864K, reserved 1048576K
}
Event: 2.832 GC heap after
{Heap after GC invocations=9 (full 0):
 garbage-first heap   total 155648K, used 18138K [0x0000000082000000, 0x0000000100000000)
  region size 1024K, 10 young (10240K), 10 survivors (10240K)
 Metaspace       used 33626K, capacity 35028K, committed 35248K, reserved 1079296K
  class space    used 4259K, capacity 4822K, committed 4864K, reserved 1048576K
}
Event: 2.907 GC heap before
{Heap before GC invocations=9 (full 0):
 garbage-first heap   total 155648K, used 64218K [0x0000000082000000, 0x0000000100000000)
  region size 1024K, 57 young (58368K), 10 survivors (10240K)
 Metaspace       used 34417K, capacity 35760K, committed 35888K, reserved 1081344K
  class space    used 4336K, capacity 4895K, committed 4992K, reserved 1048576K
}
Event: 2.915 GC heap after
{Heap after GC invocations=10 (full 0):
 garbage-first heap   total 155648K, used 18997K [0x0000000082000000, 0x0000000100000000)
  region size 1024K, 7 young (7168K), 7 survivors (7168K)
 Metaspace       used 34417K, capacity 35760K, committed 35888K, reserved 1081344K
  class space    used 4336K, capacity 4895K, committed 4992K, reserved 1048576K
}
Event: 3.503 GC heap before
{Heap before GC invocations=11 (full 0):
 garbage-first heap   total 155648K, used 102965K [0x0000000082000000, 0x0000000100000000)
  region size 1024K, 90 young (92160K), 7 survivors (7168K)
 Metaspace       used 37980K, capacity 39442K, committed 39600K, reserved 1083392K
  class space    used 4765K, capacity 5312K, committed 5376K, reserved 1048576K
}
Event: 3.512 GC heap after
{Heap after GC invocations=12 (full 0):
 garbage-first heap   total 155648K, used 20947K [0x0000000082000000, 0x0000000100000000)
  region size 1024K, 9 young (9216K), 9 survivors (9216K)
 Metaspace       used 37980K, capacity 39442K, committed 39600K, reserved 1083392K
  class space    used 4765K, capacity 5312K, committed 5376K, reserved 1048576K
}
Event: 4.380 GC heap before
{Heap before GC invocations=13 (full 0):
 garbage-first heap   total 155648K, used 103891K [0x0000000082000000, 0x0000000100000000)
  region size 1024K, 91 young (93184K), 9 survivors (9216K)
 Metaspace       used 50631K, capacity 52220K, committed 52400K, reserved 1093632K
  class space    used 6663K, capacity 7303K, committed 7424K, reserved 1048576K
}

