# JRE version: Java(TM) SE Runtime Environment (11.0.6+8) (build 11.0.6+8-LTS)
# Java VM: Java HotSpot(TM) 64-Bit Server VM (11.0.6+8-LTS, mixed mode, tiered, compressed oops, g1 gc, windows-amd64)
Heap:
 garbage-first heap   total 161792K, used 19054K [0x0000000082000000, 0x0000000100000000)
  region size 1024K, 6 young (6144K), 6 survivors (6144K)
 Metaspace       used 35826K, capacity 37260K, committed 37296K, reserved 1091584K
  class space    used 4526K, capacity 5098K, committed 5120K, reserved 1048576K
GC Heap History (10 events):
Event: 1.752 GC heap before
{Heap before GC invocations=6 (full 0):
 garbage-first heap   total 129024K, used 72664K [0x0000000082000000, 0x0000000100000000)
  region size 1024K, 65 young (66560K), 3 survivors (3072K)
 Metaspace       used 24749K, capacity 25625K, committed 25776K, reserved 1071104K
  class space    used 2969K, capacity 3321K, committed 3328K, reserved 1048576K
}
Event: 1.757 GC heap after
{Heap after GC invocations=7 (full 0):
 garbage-first heap   total 129024K, used 11818K [0x0000000082000000, 0x0000000100000000)
  region size 1024K, 5 young (5120K), 5 survivors (5120K)
 Metaspace       used 24749K, capacity 25625K, committed 25776K, reserved 1071104K
  class space    used 2969K, capacity 3321K, committed 3328K, reserved 1048576K
}
Event: 2.250 GC heap before
{Heap before GC invocations=8 (full 0):
 garbage-first heap   total 129024K, used 78378K [0x0000000082000000, 0x0000000100000000)
  region size 1024K, 71 young (72704K), 5 survivors (5120K)
 Metaspace       used 28483K, capacity 29581K, committed 29872K, reserved 1075200K
  class space    used 3524K, capacity 3998K, committed 4096K, reserved 1048576K
}
Event: 2.257 GC heap after
{Heap after GC invocations=9 (full 0):
 garbage-first heap   total 161792K, used 14260K [0x0000000082000000, 0x0000000100000000)
  region size 1024K, 7 young (7168K), 7 survivors (7168K)
 Metaspace       used 28483K, capacity 29581K, committed 29872K, reserved 1075200K
  class space    used 3524K, capacity 3998K, committed 4096K, reserved 1048576K
}
Event: 2.907 GC heap before
{Heap before GC invocations=9 (full 0):
 garbage-first heap   total 161792K, used 102324K [0x0000000082000000, 0x0000000100000000)
  region size 1024K, 94 young (96256K), 7 survivors (7168K)
 Metaspace       used 34384K, capacity 35807K, committed 36144K, reserved 1081344K
  class space    used 4339K, capacity 4890K, committed 4992K, reserved 1048576K
}
Event: 2.914 GC heap after
{Heap after GC invocations=10 (full 0):
 garbage-first heap   total 161792K, used 18827K [0x0000000082000000, 0x0000000100000000)
  region size 1024K, 11 young (11264K), 11 survivors (11264K)
 Metaspace       used 34384K, capacity 35807K, committed 36144K, reserved 1081344K
  class space    used 4339K, capacity 4890K, committed 4992K, reserved 1048576K
}
Event: 3.121 GC heap before
{Heap before GC invocations=10 (full 0):
 garbage-first heap   total 161792K, used 102795K [0x0000000082000000, 0x0000000100000000)
  region size 1024K, 94 young (96256K), 11 survivors (11264K)
 Metaspace       used 35428K, capacity 36885K, committed 37040K, reserved 1081344K
  class space    used 4462K, capacity 5036K, committed 5120K, reserved 1048576K
}
Event: 3.129 GC heap after
{Heap after GC invocations=11 (full 0):
 garbage-first heap   total 161792K, used 19313K [0x0000000082000000, 0x0000000100000000)
  region size 1024K, 6 young (6144K), 6 survivors (6144K)
 Metaspace       used 35428K, capacity 36885K, committed 37040K, reserved 1081344K
  class space    used 4462K, capacity 5036K, committed 5120K, reserved 1048576K
}
Event: 3.181 GC heap before
{Heap before GC invocations=11 (full 0):
 garbage-first heap   total 161792K, used 24433K [0x0000000082000000, 0x0000000100000000)
  region size 1024K, 12 young (12288K), 6 survivors (6144K)
 Metaspace       used 35826K, capacity 37260K, committed 37296K, reserved 1089536K
  class space    used 4526K, capacity 5098K, committed 5120K, reserved 1048576K
}
Event: 3.186 GC heap after
{Heap after GC invocations=12 (full 0):
 garbage-first heap   total 161792K, used 19054K [0x0000000082000000, 0x0000000100000000)
  region size 1024K, 6 young (6144K), 6 survivors (6144K)
 Metaspace       used 35826K, capacity 37260K, committed 37296K, reserved 1089536K
  class space    used 4526K, capacity 5098K, committed 5120K, reserved 1048576K
}

