# JRE version: Java(TM) SE Runtime Environment (11.0.6+8) (build 11.0.6+8-LTS)
# Java VM: Java HotSpot(TM) 64-Bit Server VM (11.0.6+8-LTS, mixed mode, tiered, compressed oops, g1 gc, windows-amd64)
Heap:
 garbage-first heap   total 187392K, used 105682K [0x0000000082000000, 0x0000000100000000)
  region size 1024K, 79 young (80896K), 10 survivors (10240K)
 Metaspace       used 66284K, capacity 68500K, committed 68784K, reserved 1107968K
  class space    used 8824K, capacity 9672K, committed 9728K, reserved 1048576K
GC Heap History (10 events):
Event: 2.950 GC heap before
{Heap before GC invocations=9 (full 0):
 garbage-first heap   total 155648K, used 101462K [0x0000000082000000, 0x0000000100000000)
  region size 1024K, 91 young (93184K), 9 survivors (9216K)
 Metaspace       used 34771K, capacity 36114K, committed 36400K, reserved 1081344K
  class space    used 4375K, capacity 4928K, committed 4992K, reserved 1048576K
}
Event: 2.956 GC heap after
{Heap after GC invocations=10 (full 0):
 garbage-first heap   total 155648K, used 18784K [0x0000000082000000, 0x0000000100000000)
  region size 1024K, 5 young (5120K), 5 survivors (5120K)
 Metaspace       used 34771K, capacity 36114K, committed 36400K, reserved 1081344K
  class space    used 4375K, capacity 4928K, committed 4992K, reserved 1048576K
}
Event: 3.926 GC heap before
{Heap before GC invocations=10 (full 0):
 garbage-first heap   total 155648K, used 106848K [0x0000000082000000, 0x0000000100000000)
  region size 1024K, 91 young (93184K), 5 survivors (5120K)
 Metaspace       used 44773K, capacity 46298K, committed 46512K, reserved 1089536K
  class space    used 5773K, capacity 6377K, committed 6400K, reserved 1048576K
}
Event: 3.933 GC heap after
{Heap after GC invocations=11 (full 0):
 garbage-first heap   total 155648K, used 23426K [0x0000000082000000, 0x0000000100000000)
  region size 1024K, 10 young (10240K), 10 survivors (10240K)
 Metaspace       used 44773K, capacity 46298K, committed 46512K, reserved 1089536K
  class space    used 5773K, capacity 6377K, committed 6400K, reserved 1048576K
}
Event: 4.667 GC heap before
{Heap before GC invocations=11 (full 0):
 garbage-first heap   total 155648K, used 106370K [0x0000000082000000, 0x0000000100000000)
  region size 1024K, 91 young (93184K), 10 survivors (10240K)
 Metaspace       used 55146K, capacity 56900K, committed 57136K, reserved 1097728K
  class space    used 7250K, capacity 7945K, committed 8064K, reserved 1048576K
}
Event: 4.676 GC heap after
{Heap after GC invocations=12 (full 0):
 garbage-first heap   total 155648K, used 27077K [0x0000000082000000, 0x0000000100000000)
  region size 1024K, 9 young (9216K), 9 survivors (9216K)
 Metaspace       used 55146K, capacity 56900K, committed 57136K, reserved 1097728K
  class space    used 7250K, capacity 7945K, committed 8064K, reserved 1048576K
}
Event: 5.167 GC heap before
{Heap before GC invocations=12 (full 0):
 garbage-first heap   total 155648K, used 110021K [0x0000000082000000, 0x0000000100000000)
  region size 1024K, 91 young (93184K), 9 survivors (9216K)
 Metaspace       used 58173K, capacity 60103K, committed 60208K, reserved 1101824K
  class space    used 7713K, capacity 8477K, committed 8576K, reserved 1048576K
}
Event: 5.179 GC heap after
{Heap after GC invocations=13 (full 0):
 garbage-first heap   total 187392K, used 31645K [0x0000000082000000, 0x0000000100000000)
  region size 1024K, 9 young (9216K), 9 survivors (9216K)
 Metaspace       used 58173K, capacity 60103K, committed 60208K, reserved 1101824K
  class space    used 7713K, capacity 8477K, committed 8576K, reserved 1048576K
}
Event: 5.877 GC heap before
{Heap before GC invocations=14 (full 0):
 garbage-first heap   total 187392K, used 131997K [0x0000000082000000, 0x0000000100000000)
  region size 1024K, 108 young (110592K), 9 survivors (9216K)
 Metaspace       used 62739K, capacity 64860K, committed 64944K, reserved 1105920K
  class space    used 8383K, capacity 9209K, committed 9216K, reserved 1048576K
}
Event: 5.888 GC heap after
{Heap after GC invocations=15 (full 0):
 garbage-first heap   total 187392K, used 37074K [0x0000000082000000, 0x0000000100000000)
  region size 1024K, 10 young (10240K), 10 survivors (10240K)
 Metaspace       used 62739K, capacity 64860K, committed 64944K, reserved 1105920K
  class space    used 8383K, capacity 9209K, committed 9216K, reserved 1048576K
}

